<?xml version="1.0" encoding="UTF-8"?>
<!-- Generated by org.testng.reporters.JUnitReportReporter -->
<testsuite skipped="0" hostname="DESKTOP-UHPGN6M" name="TestCasesTest.VerifyLogo" tests="1" failures="0" timestamp="2020-01-08T22:07:07 EST" time="20.054" errors="0">
  <testcase name="VLogo" time="20.054" classname="TestCasesTest.VerifyLogo"/>
  <system-out/>
</testsuite> <!-- TestCasesTest.VerifyLogo -->
