<?xml version="1.0" encoding="UTF-8"?>
<!-- Generated by org.testng.reporters.JUnitReportReporter -->
<testsuite skipped="0" hostname="DESKTOP-UHPGN6M" name="TestCasesTest.VerifyPageTitle" tests="1" failures="0" timestamp="2020-01-08T22:07:07 EST" time="10.021" errors="0">
  <testcase name="VerifyPT" time="10.021" classname="TestCasesTest.VerifyPageTitle"/>
  <system-out/>
</testsuite> <!-- TestCasesTest.VerifyPageTitle -->
